# JRE version: Java(TM) SE Runtime Environment (18.0.2+9) (build 18.0.2+9-61)
# Java VM: Java HotSpot(TM) 64-Bit Server VM (18.0.2+9-61, mixed mode, sharing, tiered, compressed oops, compressed class ptrs, g1 gc, windows-amd64)
GC Precious Log:
 CardTable entry size: 512
 Card Set container configuration: InlinePtr #cards 5 size 8 Array Of Cards #cards 12 size 40 Howl #buckets 4 coarsen threshold 1843 Howl Bitmap #cards 512 size 80 coarsen threshold 460 Card regions per heap region 1 cards per card region 2048
 CPUs: 8 total, 8 available
 Memory: 8121M
 Large Page Support: Disabled
 NUMA Support: Disabled
 Compressed Oops: Enabled (32-bit)
 Heap Region Size: 1M
 Heap Min Capacity: 8M
 Heap Initial Capacity: 128M
 Heap Max Capacity: 2032M
 Pre-touch: Disabled
 Parallel Workers: 8
 Concurrent Workers: 2
 Concurrent Refinement Workers: 8
 Periodic GC: Disabled
Heap:
 garbage-first heap   total 73728K, used 35909K [0x0000000081000000, 0x0000000100000000)
  region size 1024K, 8 young (8192K), 1 survivors (1024K)
 Metaspace       used 61855K, committed 62400K, reserved 1114112K
  class space    used 8115K, committed 8384K, reserved 1048576K
GC Heap History (20 events):
Event: 3.039 GC heap before
{Heap before GC invocations=5 (full 0):
 garbage-first heap   total 51200K, used 34678K [0x0000000081000000, 0x0000000100000000)
  region size 1024K, 22 young (22528K), 4 survivors (4096K)
 Metaspace       used 29233K, committed 29632K, reserved 1114112K
  class space    used 3599K, committed 3776K, reserved 1048576K
}
Event: 3.046 GC heap after
{Heap after GC invocations=6 (full 0):
 garbage-first heap   total 51200K, used 17498K [0x0000000081000000, 0x0000000100000000)
  region size 1024K, 2 young (2048K), 2 survivors (2048K)
 Metaspace       used 29233K, committed 29632K, reserved 1114112K
  class space    used 3599K, committed 3776K, reserved 1048576K
}
Event: 3.607 GC heap before
{Heap before GC invocations=6 (full 0):
 garbage-first heap   total 51200K, used 35930K [0x0000000081000000, 0x0000000100000000)
  region size 1024K, 20 young (20480K), 2 survivors (2048K)
 Metaspace       used 34996K, committed 35328K, reserved 1114112K
  class space    used 4518K, committed 4672K, reserved 1048576K
}
Event: 3.611 GC heap after
{Heap after GC invocations=7 (full 0):
 garbage-first heap   total 51200K, used 18424K [0x0000000081000000, 0x0000000100000000)
  region size 1024K, 3 young (3072K), 3 survivors (3072K)
 Metaspace       used 34996K, committed 35328K, reserved 1114112K
  class space    used 4518K, committed 4672K, reserved 1048576K
}
Event: 3.648 GC heap before
{Heap before GC invocations=7 (full 0):
 garbage-first heap   total 51200K, used 19448K [0x0000000081000000, 0x0000000100000000)
  region size 1024K, 5 young (5120K), 3 survivors (3072K)
 Metaspace       used 35626K, committed 35968K, reserved 1114112K
  class space    used 4579K, committed 4736K, reserved 1048576K
}
Event: 3.652 GC heap after
{Heap after GC invocations=8 (full 0):
 garbage-first heap   total 51200K, used 18808K [0x0000000081000000, 0x0000000100000000)
  region size 1024K, 2 young (2048K), 2 survivors (2048K)
 Metaspace       used 35626K, committed 35968K, reserved 1114112K
  class space    used 4579K, committed 4736K, reserved 1048576K
}
Event: 4.079 GC heap before
{Heap before GC invocations=9 (full 0):
 garbage-first heap   total 51200K, used 37240K [0x0000000081000000, 0x0000000100000000)
  region size 1024K, 20 young (20480K), 2 survivors (2048K)
 Metaspace       used 40778K, committed 41088K, reserved 1114112K
  class space    used 5219K, committed 5376K, reserved 1048576K
}
Event: 4.085 GC heap after
{Heap after GC invocations=10 (full 0):
 garbage-first heap   total 51200K, used 20042K [0x0000000081000000, 0x0000000100000000)
  region size 1024K, 3 young (3072K), 3 survivors (3072K)
 Metaspace       used 40778K, committed 41088K, reserved 1114112K
  class space    used 5219K, committed 5376K, reserved 1048576K
}
Event: 4.517 GC heap before
{Heap before GC invocations=10 (full 0):
 garbage-first heap   total 51200K, used 37450K [0x0000000081000000, 0x0000000100000000)
  region size 1024K, 21 young (21504K), 3 survivors (3072K)
 Metaspace       used 44839K, committed 45248K, reserved 1114112K
  class space    used 5909K, committed 6080K, reserved 1048576K
}
Event: 4.522 GC heap after
{Heap after GC invocations=11 (full 0):
 garbage-first heap   total 61440K, used 21156K [0x0000000081000000, 0x0000000100000000)
  region size 1024K, 3 young (3072K), 3 survivors (3072K)
 Metaspace       used 44839K, committed 45248K, reserved 1114112K
  class space    used 5909K, committed 6080K, reserved 1048576K
}
Event: 4.873 GC heap before
{Heap before GC invocations=11 (full 0):
 garbage-first heap   total 61440K, used 46756K [0x0000000081000000, 0x0000000100000000)
  region size 1024K, 28 young (28672K), 3 survivors (3072K)
 Metaspace       used 48553K, committed 48960K, reserved 1114112K
  class space    used 6397K, committed 6592K, reserved 1048576K
}
Event: 4.879 GC heap after
{Heap after GC invocations=12 (full 0):
 garbage-first heap   total 61440K, used 22796K [0x0000000081000000, 0x0000000100000000)
  region size 1024K, 3 young (3072K), 3 survivors (3072K)
 Metaspace       used 48553K, committed 48960K, reserved 1114112K
  class space    used 6397K, committed 6592K, reserved 1048576K
}
Event: 5.322 GC heap before
{Heap before GC invocations=12 (full 0):
 garbage-first heap   total 61440K, used 46348K [0x0000000081000000, 0x0000000100000000)
  region size 1024K, 27 young (27648K), 3 survivors (3072K)
 Metaspace       used 52772K, committed 53120K, reserved 1114112K
  class space    used 6890K, committed 7040K, reserved 1048576K
}
Event: 5.326 GC heap after
{Heap after GC invocations=13 (full 0):
 garbage-first heap   total 61440K, used 25057K [0x0000000081000000, 0x0000000100000000)
  region size 1024K, 4 young (4096K), 4 survivors (4096K)
 Metaspace       used 52772K, committed 53120K, reserved 1114112K
  class space    used 6890K, committed 7040K, reserved 1048576K
}
Event: 5.548 GC heap before
{Heap before GC invocations=13 (full 0):
 garbage-first heap   total 61440K, used 46561K [0x0000000081000000, 0x0000000100000000)
  region size 1024K, 25 young (25600K), 4 survivors (4096K)
 Metaspace       used 54051K, committed 54464K, reserved 1114112K
  class space    used 7054K, committed 7232K, reserved 1048576K
}
Event: 5.552 GC heap after
{Heap after GC invocations=14 (full 0):
 garbage-first heap   total 61440K, used 26894K [0x0000000081000000, 0x0000000100000000)
  region size 1024K, 2 young (2048K), 2 survivors (2048K)
 Metaspace       used 54051K, committed 54464K, reserved 1114112K
  class space    used 7054K, committed 7232K, reserved 1048576K
}
Event: 5.906 GC heap before
{Heap before GC invocations=14 (full 0):
 garbage-first heap   total 61440K, used 48398K [0x0000000081000000, 0x0000000100000000)
  region size 1024K, 23 young (23552K), 2 survivors (2048K)
 Metaspace       used 57161K, committed 57536K, reserved 1114112K
  class space    used 7515K, committed 7680K, reserved 1048576K
}
Event: 5.910 GC heap after
{Heap after GC invocations=15 (full 0):
 garbage-first heap   total 61440K, used 29068K [0x0000000081000000, 0x0000000100000000)
  region size 1024K, 3 young (3072K), 3 survivors (3072K)
 Metaspace       used 57161K, committed 57536K, reserved 1114112K
  class space    used 7515K, committed 7680K, reserved 1048576K
}
Event: 27.189 GC heap before
{Heap before GC invocations=15 (full 0):
 garbage-first heap   total 61440K, used 39308K [0x0000000081000000, 0x0000000100000000)
  region size 1024K, 15 young (15360K), 3 survivors (3072K)
 Metaspace       used 59950K, committed 60416K, reserved 1114112K
  class space    used 7871K, committed 8128K, reserved 1048576K
}
Event: 27.192 GC heap after
{Heap after GC invocations=16 (full 0):
 garbage-first heap   total 73728K, used 29765K [0x0000000081000000, 0x0000000100000000)
  region size 1024K, 1 young (1024K), 1 survivors (1024K)
 Metaspace       used 59950K, committed 60416K, reserved 1114112K
  class space    used 7871K, committed 8128K, reserved 1048576K
}

